The target system is: Android - 1 - i686
The host system is: Linux - 5.8.0-53-generic - x86_64
Determining if the C compiler works passed with the following output:
Change Dir: /media/hdd2/RPO_labs/LR3/libs/mbedtls/build/x86/CMakeFiles/CMakeTmp

Run Build Command:"/usr/bin/make" "cmTC_e86ad/fast"
/usr/bin/make -f CMakeFiles/cmTC_e86ad.dir/build.make CMakeFiles/cmTC_e86ad.dir/build
make[1]: вход в каталог «/media/hdd2/RPO_labs/LR3/libs/mbedtls/build/x86/CMakeFiles/CMakeTmp»
Building C object CMakeFiles/cmTC_e86ad.dir/testCCompiler.c.o
/home/anastasia/Android/Sdk/ndk-bundle/toolchains/llvm/prebuilt/linux-x86_64/bin/clang --target=i686-none-linux-android16 --gcc-toolchain=/home/anastasia/Android/Sdk/ndk-bundle/toolchains/llvm/prebuilt/linux-x86_64 --sysroot=/home/anastasia/Android/Sdk/ndk-bundle/toolchains/llvm/prebuilt/linux-x86_64/sysroot   -g -DANDROID -fdata-sections -ffunction-sections -funwind-tables -fstack-protector-strong -no-canonical-prefixes -mstackrealign -D_FORTIFY_SOURCE=2 -Wformat -Werror=format-security   -fPIE   -o CMakeFiles/cmTC_e86ad.dir/testCCompiler.c.o   -c /media/hdd2/RPO_labs/LR3/libs/mbedtls/build/x86/CMakeFiles/CMakeTmp/testCCompiler.c
Linking C executable cmTC_e86ad
/home/anastasia/Android/Sdk/cmake/3.10.2.4988404/bin/cmake -E cmake_link_script CMakeFiles/cmTC_e86ad.dir/link.txt --verbose=1
/home/anastasia/Android/Sdk/ndk-bundle/toolchains/llvm/prebuilt/linux-x86_64/bin/clang --target=i686-none-linux-android16 --gcc-toolchain=/home/anastasia/Android/Sdk/ndk-bundle/toolchains/llvm/prebuilt/linux-x86_64 --sysroot=/home/anastasia/Android/Sdk/ndk-bundle/toolchains/llvm/prebuilt/linux-x86_64/sysroot -g -DANDROID -fdata-sections -ffunction-sections -funwind-tables -fstack-protector-strong -no-canonical-prefixes -mstackrealign -D_FORTIFY_SOURCE=2 -Wformat -Werror=format-security    -Wl,--exclude-libs,libgcc.a -Wl,--exclude-libs,libgcc_real.a -Wl,--exclude-libs,libatomic.a -static-libstdc++ -Wl,--build-id=sha1 -Wl,--no-rosegment -Wl,--fatal-warnings -Wl,--no-undefined -Qunused-arguments -Wl,--gc-sections   CMakeFiles/cmTC_e86ad.dir/testCCompiler.c.o  -o cmTC_e86ad -latomic -lm 
make[1]: выход из каталога «/media/hdd2/RPO_labs/LR3/libs/mbedtls/build/x86/CMakeFiles/CMakeTmp»


Detecting C compiler ABI info compiled with the following output:
Change Dir: /media/hdd2/RPO_labs/LR3/libs/mbedtls/build/x86/CMakeFiles/CMakeTmp

Run Build Command:"/usr/bin/make" "cmTC_02f2e/fast"
/usr/bin/make -f CMakeFiles/cmTC_02f2e.dir/build.make CMakeFiles/cmTC_02f2e.dir/build
make[1]: вход в каталог «/media/hdd2/RPO_labs/LR3/libs/mbedtls/build/x86/CMakeFiles/CMakeTmp»
Building C object CMakeFiles/cmTC_02f2e.dir/CMakeCCompilerABI.c.o
/home/anastasia/Android/Sdk/ndk-bundle/toolchains/llvm/prebuilt/linux-x86_64/bin/clang --target=i686-none-linux-android16 --gcc-toolchain=/home/anastasia/Android/Sdk/ndk-bundle/toolchains/llvm/prebuilt/linux-x86_64 --sysroot=/home/anastasia/Android/Sdk/ndk-bundle/toolchains/llvm/prebuilt/linux-x86_64/sysroot   -g -DANDROID -fdata-sections -ffunction-sections -funwind-tables -fstack-protector-strong -no-canonical-prefixes -mstackrealign -D_FORTIFY_SOURCE=2 -Wformat -Werror=format-security   -fPIE   -o CMakeFiles/cmTC_02f2e.dir/CMakeCCompilerABI.c.o   -c /home/anastasia/Android/Sdk/cmake/3.10.2.4988404/share/cmake-3.10/Modules/CMakeCCompilerABI.c
Linking C executable cmTC_02f2e
/home/anastasia/Android/Sdk/cmake/3.10.2.4988404/bin/cmake -E cmake_link_script CMakeFiles/cmTC_02f2e.dir/link.txt --verbose=1
/home/anastasia/Android/Sdk/ndk-bundle/toolchains/llvm/prebuilt/linux-x86_64/bin/clang --target=i686-none-linux-android16 --gcc-toolchain=/home/anastasia/Android/Sdk/ndk-bundle/toolchains/llvm/prebuilt/linux-x86_64 --sysroot=/home/anastasia/Android/Sdk/ndk-bundle/toolchains/llvm/prebuilt/linux-x86_64/sysroot -g -DANDROID -fdata-sections -ffunction-sections -funwind-tables -fstack-protector-strong -no-canonical-prefixes -mstackrealign -D_FORTIFY_SOURCE=2 -Wformat -Werror=format-security    -Wl,--exclude-libs,libgcc.a -Wl,--exclude-libs,libgcc_real.a -Wl,--exclude-libs,libatomic.a -static-libstdc++ -Wl,--build-id=sha1 -Wl,--no-rosegment -Wl,--fatal-warnings -Wl,--no-undefined -Qunused-arguments -Wl,--gc-sections  -v CMakeFiles/cmTC_02f2e.dir/CMakeCCompilerABI.c.o  -o cmTC_02f2e 
Android (7155654, based on r399163b1) clang version 11.0.5 (https://android.googlesource.com/toolchain/llvm-project 87f1315dfbea7c137aa2e6d362dbb457e388158d)
Target: i686-none-linux-android16
Thread model: posix
InstalledDir: /home/anastasia/Android/Sdk/ndk-bundle/toolchains/llvm/prebuilt/linux-x86_64/bin
Found candidate GCC installation: /home/anastasia/Android/Sdk/ndk-bundle/toolchains/llvm/prebuilt/linux-x86_64/lib/gcc/i686-linux-android/4.9.x
Found candidate GCC installation: /home/anastasia/Android/Sdk/ndk-bundle/toolchains/llvm/prebuilt/linux-x86_64/lib/gcc/x86_64-linux-android/4.9.x
Selected GCC installation: /home/anastasia/Android/Sdk/ndk-bundle/toolchains/llvm/prebuilt/linux-x86_64/lib/gcc/i686-linux-android/4.9.x
Candidate multilib: .;@m32
Selected multilib: .;@m32
 "/home/anastasia/Android/Sdk/ndk-bundle/toolchains/llvm/prebuilt/linux-x86_64/bin/ld" --sysroot=/home/anastasia/Android/Sdk/ndk-bundle/toolchains/llvm/prebuilt/linux-x86_64/sysroot -pie -z noexecstack --warn-shared-textrel -z now -z relro --hash-style=gnu --hash-style=both --enable-new-dtags --eh-frame-hdr -m elf_i386 -dynamic-linker /system/bin/linker -o cmTC_02f2e /home/anastasia/Android/Sdk/ndk-bundle/toolchains/llvm/prebuilt/linux-x86_64/sysroot/usr/lib/i686-linux-android/16/crtbegin_dynamic.o -L/home/anastasia/Android/Sdk/ndk-bundle/toolchains/llvm/prebuilt/linux-x86_64/lib64/clang/11.0.5/lib/linux/i386 -L/home/anastasia/Android/Sdk/ndk-bundle/toolchains/llvm/prebuilt/linux-x86_64/lib/gcc/i686-linux-android/4.9.x -L/home/anastasia/Android/Sdk/ndk-bundle/toolchains/llvm/prebuilt/linux-x86_64/sysroot/usr/lib/i686-linux-android/16 -L/home/anastasia/Android/Sdk/ndk-bundle/toolchains/llvm/prebuilt/linux-x86_64/sysroot/usr/lib/i686-linux-android -L/home/anastasia/Android/Sdk/ndk-bundle/toolchains/llvm/prebuilt/linux-x86_64/lib/gcc/i686-linux-android/4.9.x/../../../../i686-linux-android/lib -L/home/anastasia/Android/Sdk/ndk-bundle/toolchains/llvm/prebuilt/linux-x86_64/sysroot/usr/lib --exclude-libs libgcc.a --exclude-libs libgcc_real.a --exclude-libs libatomic.a --build-id=sha1 --no-rosegment --fatal-warnings --no-undefined --gc-sections CMakeFiles/cmTC_02f2e.dir/CMakeCCompilerABI.c.o -lgcc -ldl -lc -lgcc -ldl /home/anastasia/Android/Sdk/ndk-bundle/toolchains/llvm/prebuilt/linux-x86_64/sysroot/usr/lib/i686-linux-android/16/crtend_android.o
make[1]: выход из каталога «/media/hdd2/RPO_labs/LR3/libs/mbedtls/build/x86/CMakeFiles/CMakeTmp»


Parsed C implicit link information from above output:
  link line regex: [^( *|.*[/\])(CMAKE_LINKER-NOTFOUND|CMAKE_LINK_STARTFILE-NOTFOUND|([^/\]+-)?ld|collect2)[^/\]*( |$)]
  ignore line: [Change Dir: /media/hdd2/RPO_labs/LR3/libs/mbedtls/build/x86/CMakeFiles/CMakeTmp]
  ignore line: []
  ignore line: [Run Build Command:"/usr/bin/make" "cmTC_02f2e/fast"]
  ignore line: [/usr/bin/make -f CMakeFiles/cmTC_02f2e.dir/build.make CMakeFiles/cmTC_02f2e.dir/build]
  ignore line: [make[1]: вход в каталог «/media/hdd2/RPO_labs/LR3/libs/mbedtls/build/x86/CMakeFiles/CMakeTmp»]
  ignore line: [Building C object CMakeFiles/cmTC_02f2e.dir/CMakeCCompilerABI.c.o]
  ignore line: [/home/anastasia/Android/Sdk/ndk-bundle/toolchains/llvm/prebuilt/linux-x86_64/bin/clang --target=i686-none-linux-android16 --gcc-toolchain=/home/anastasia/Android/Sdk/ndk-bundle/toolchains/llvm/prebuilt/linux-x86_64 --sysroot=/home/anastasia/Android/Sdk/ndk-bundle/toolchains/llvm/prebuilt/linux-x86_64/sysroot   -g -DANDROID -fdata-sections -ffunction-sections -funwind-tables -fstack-protector-strong -no-canonical-prefixes -mstackrealign -D_FORTIFY_SOURCE=2 -Wformat -Werror=format-security   -fPIE   -o CMakeFiles/cmTC_02f2e.dir/CMakeCCompilerABI.c.o   -c /home/anastasia/Android/Sdk/cmake/3.10.2.4988404/share/cmake-3.10/Modules/CMakeCCompilerABI.c]
  ignore line: [Linking C executable cmTC_02f2e]
  ignore line: [/home/anastasia/Android/Sdk/cmake/3.10.2.4988404/bin/cmake -E cmake_link_script CMakeFiles/cmTC_02f2e.dir/link.txt --verbose=1]
  ignore line: [/home/anastasia/Android/Sdk/ndk-bundle/toolchains/llvm/prebuilt/linux-x86_64/bin/clang --target=i686-none-linux-android16 --gcc-toolchain=/home/anastasia/Android/Sdk/ndk-bundle/toolchains/llvm/prebuilt/linux-x86_64 --sysroot=/home/anastasia/Android/Sdk/ndk-bundle/toolchains/llvm/prebuilt/linux-x86_64/sysroot -g -DANDROID -fdata-sections -ffunction-sections -funwind-tables -fstack-protector-strong -no-canonical-prefixes -mstackrealign -D_FORTIFY_SOURCE=2 -Wformat -Werror=format-security    -Wl,--exclude-libs,libgcc.a -Wl,--exclude-libs,libgcc_real.a -Wl,--exclude-libs,libatomic.a -static-libstdc++ -Wl,--build-id=sha1 -Wl,--no-rosegment -Wl,--fatal-warnings -Wl,--no-undefined -Qunused-arguments -Wl,--gc-sections  -v CMakeFiles/cmTC_02f2e.dir/CMakeCCompilerABI.c.o  -o cmTC_02f2e ]
  ignore line: [Android (7155654, based on r399163b1) clang version 11.0.5 (https://android.googlesource.com/toolchain/llvm-project 87f1315dfbea7c137aa2e6d362dbb457e388158d)]
  ignore line: [Target: i686-none-linux-android16]
  ignore line: [Thread model: posix]
  ignore line: [InstalledDir: /home/anastasia/Android/Sdk/ndk-bundle/toolchains/llvm/prebuilt/linux-x86_64/bin]
  ignore line: [Found candidate GCC installation: /home/anastasia/Android/Sdk/ndk-bundle/toolchains/llvm/prebuilt/linux-x86_64/lib/gcc/i686-linux-android/4.9.x]
  ignore line: [Found candidate GCC installation: /home/anastasia/Android/Sdk/ndk-bundle/toolchains/llvm/prebuilt/linux-x86_64/lib/gcc/x86_64-linux-android/4.9.x]
  ignore line: [Selected GCC installation: /home/anastasia/Android/Sdk/ndk-bundle/toolchains/llvm/prebuilt/linux-x86_64/lib/gcc/i686-linux-android/4.9.x]
  ignore line: [Candidate multilib: .]
  ignore line: [@m32]
  ignore line: [Selected multilib: .]
  ignore line: [@m32]
  link line: [ "/home/anastasia/Android/Sdk/ndk-bundle/toolchains/llvm/prebuilt/linux-x86_64/bin/ld" --sysroot=/home/anastasia/Android/Sdk/ndk-bundle/toolchains/llvm/prebuilt/linux-x86_64/sysroot -pie -z noexecstack --warn-shared-textrel -z now -z relro --hash-style=gnu --hash-style=both --enable-new-dtags --eh-frame-hdr -m elf_i386 -dynamic-linker /system/bin/linker -o cmTC_02f2e /home/anastasia/Android/Sdk/ndk-bundle/toolchains/llvm/prebuilt/linux-x86_64/sysroot/usr/lib/i686-linux-android/16/crtbegin_dynamic.o -L/home/anastasia/Android/Sdk/ndk-bundle/toolchains/llvm/prebuilt/linux-x86_64/lib64/clang/11.0.5/lib/linux/i386 -L/home/anastasia/Android/Sdk/ndk-bundle/toolchains/llvm/prebuilt/linux-x86_64/lib/gcc/i686-linux-android/4.9.x -L/home/anastasia/Android/Sdk/ndk-bundle/toolchains/llvm/prebuilt/linux-x86_64/sysroot/usr/lib/i686-linux-android/16 -L/home/anastasia/Android/Sdk/ndk-bundle/toolchains/llvm/prebuilt/linux-x86_64/sysroot/usr/lib/i686-linux-android -L/home/anastasia/Android/Sdk/ndk-bundle/toolchains/llvm/prebuilt/linux-x86_64/lib/gcc/i686-linux-android/4.9.x/../../../../i686-linux-android/lib -L/home/anastasia/Android/Sdk/ndk-bundle/toolchains/llvm/prebuilt/linux-x86_64/sysroot/usr/lib --exclude-libs libgcc.a --exclude-libs libgcc_real.a --exclude-libs libatomic.a --build-id=sha1 --no-rosegment --fatal-warnings --no-undefined --gc-sections CMakeFiles/cmTC_02f2e.dir/CMakeCCompilerABI.c.o -lgcc -ldl -lc -lgcc -ldl /home/anastasia/Android/Sdk/ndk-bundle/toolchains/llvm/prebuilt/linux-x86_64/sysroot/usr/lib/i686-linux-android/16/crtend_android.o]
    arg [/home/anastasia/Android/Sdk/ndk-bundle/toolchains/llvm/prebuilt/linux-x86_64/bin/ld] ==> ignore
    arg [--sysroot=/home/anastasia/Android/Sdk/ndk-bundle/toolchains/llvm/prebuilt/linux-x86_64/sysroot] ==> ignore
    arg [-pie] ==> ignore
    arg [-znoexecstack] ==> ignore
    arg [--warn-shared-textrel] ==> ignore
    arg [-znow] ==> ignore
    arg [-zrelro] ==> ignore
    arg [--hash-style=gnu] ==> ignore
    arg [--hash-style=both] ==> ignore
    arg [--enable-new-dtags] ==> ignore
    arg [--eh-frame-hdr] ==> ignore
    arg [-m] ==> ignore
    arg [elf_i386] ==> ignore
    arg [-dynamic-linker] ==> ignore
    arg [/system/bin/linker] ==> ignore
    arg [-o] ==> ignore
    arg [cmTC_02f2e] ==> ignore
    arg [/home/anastasia/Android/Sdk/ndk-bundle/toolchains/llvm/prebuilt/linux-x86_64/sysroot/usr/lib/i686-linux-android/16/crtbegin_dynamic.o] ==> ignore
    arg [-L/home/anastasia/Android/Sdk/ndk-bundle/toolchains/llvm/prebuilt/linux-x86_64/lib64/clang/11.0.5/lib/linux/i386] ==> dir [/home/anastasia/Android/Sdk/ndk-bundle/toolchains/llvm/prebuilt/linux-x86_64/lib64/clang/11.0.5/lib/linux/i386]
    arg [-L/home/anastasia/Android/Sdk/ndk-bundle/toolchains/llvm/prebuilt/linux-x86_64/lib/gcc/i686-linux-android/4.9.x] ==> dir [/home/anastasia/Android/Sdk/ndk-bundle/toolchains/llvm/prebuilt/linux-x86_64/lib/gcc/i686-linux-android/4.9.x]
    arg [-L/home/anastasia/Android/Sdk/ndk-bundle/toolchains/llvm/prebuilt/linux-x86_64/sysroot/usr/lib/i686-linux-android/16] ==> dir [/home/anastasia/Android/Sdk/ndk-bundle/toolchains/llvm/prebuilt/linux-x86_64/sysroot/usr/lib/i686-linux-android/16]
    arg [-L/home/anastasia/Android/Sdk/ndk-bundle/toolchains/llvm/prebuilt/linux-x86_64/sysroot/usr/lib/i686-linux-android] ==> dir [/home/anastasia/Android/Sdk/ndk-bundle/toolchains/llvm/prebuilt/linux-x86_64/sysroot/usr/lib/i686-linux-android]
    arg [-L/home/anastasia/Android/Sdk/ndk-bundle/toolchains/llvm/prebuilt/linux-x86_64/lib/gcc/i686-linux-android/4.9.x/../../../../i686-linux-android/lib] ==> dir [/home/anastasia/Android/Sdk/ndk-bundle/toolchains/llvm/prebuilt/linux-x86_64/lib/gcc/i686-linux-android/4.9.x/../../../../i686-linux-android/lib]
    arg [-L/home/anastasia/Android/Sdk/ndk-bundle/toolchains/llvm/prebuilt/linux-x86_64/sysroot/usr/lib] ==> dir [/home/anastasia/Android/Sdk/ndk-bundle/toolchains/llvm/prebuilt/linux-x86_64/sysroot/usr/lib]
    arg [--exclude-libs] ==> ignore
    arg [libgcc.a] ==> ignore
    arg [--exclude-libs] ==> ignore
    arg [libgcc_real.a] ==> ignore
    arg [--exclude-libs] ==> ignore
    arg [libatomic.a] ==> ignore
    arg [--build-id=sha1] ==> ignore
    arg [--no-rosegment] ==> ignore
    arg [--fatal-warnings] ==> ignore
    arg [--no-undefined] ==> ignore
    arg [--gc-sections] ==> ignore
    arg [CMakeFiles/cmTC_02f2e.dir/CMakeCCompilerABI.c.o] ==> ignore
    arg [-lgcc] ==> lib [gcc]
    arg [-ldl] ==> lib [dl]
    arg [-lc] ==> lib [c]
    arg [-lgcc] ==> lib [gcc]
    arg [-ldl] ==> lib [dl]
    arg [/home/anastasia/Android/Sdk/ndk-bundle/toolchains/llvm/prebuilt/linux-x86_64/sysroot/usr/lib/i686-linux-android/16/crtend_android.o] ==> ignore
  collapse library dir [/home/anastasia/Android/Sdk/ndk-bundle/toolchains/llvm/prebuilt/linux-x86_64/lib64/clang/11.0.5/lib/linux/i386] ==> [/home/anastasia/Android/Sdk/ndk-bundle/toolchains/llvm/prebuilt/linux-x86_64/lib64/clang/11.0.5/lib/linux/i386]
  collapse library dir [/home/anastasia/Android/Sdk/ndk-bundle/toolchains/llvm/prebuilt/linux-x86_64/lib/gcc/i686-linux-android/4.9.x] ==> [/home/anastasia/Android/Sdk/ndk-bundle/toolchains/llvm/prebuilt/linux-x86_64/lib/gcc/i686-linux-android/4.9.x]
  collapse library dir [/home/anastasia/Android/Sdk/ndk-bundle/toolchains/llvm/prebuilt/linux-x86_64/sysroot/usr/lib/i686-linux-android/16] ==> [/home/anastasia/Android/Sdk/ndk-bundle/toolchains/llvm/prebuilt/linux-x86_64/sysroot/usr/lib/i686-linux-android/16]
  collapse library dir [/home/anastasia/Android/Sdk/ndk-bundle/toolchains/llvm/prebuilt/linux-x86_64/sysroot/usr/lib/i686-linux-android] ==> [/home/anastasia/Android/Sdk/ndk-bundle/toolchains/llvm/prebuilt/linux-x86_64/sysroot/usr/lib/i686-linux-android]
  collapse library dir [/home/anastasia/Android/Sdk/ndk-bundle/toolchains/llvm/prebuilt/linux-x86_64/lib/gcc/i686-linux-android/4.9.x/../../../../i686-linux-android/lib] ==> [/home/anastasia/Android/Sdk/ndk-bundle/toolchains/llvm/prebuilt/linux-x86_64/i686-linux-android/lib]
  collapse library dir [/home/anastasia/Android/Sdk/ndk-bundle/toolchains/llvm/prebuilt/linux-x86_64/sysroot/usr/lib] ==> [/home/anastasia/Android/Sdk/ndk-bundle/toolchains/llvm/prebuilt/linux-x86_64/sysroot/usr/lib]
  implicit libs: [gcc;dl;c;gcc;dl]
  implicit dirs: [/home/anastasia/Android/Sdk/ndk-bundle/toolchains/llvm/prebuilt/linux-x86_64/lib64/clang/11.0.5/lib/linux/i386;/home/anastasia/Android/Sdk/ndk-bundle/toolchains/llvm/prebuilt/linux-x86_64/lib/gcc/i686-linux-android/4.9.x;/home/anastasia/Android/Sdk/ndk-bundle/toolchains/llvm/prebuilt/linux-x86_64/sysroot/usr/lib/i686-linux-android/16;/home/anastasia/Android/Sdk/ndk-bundle/toolchains/llvm/prebuilt/linux-x86_64/sysroot/usr/lib/i686-linux-android;/home/anastasia/Android/Sdk/ndk-bundle/toolchains/llvm/prebuilt/linux-x86_64/i686-linux-android/lib;/home/anastasia/Android/Sdk/ndk-bundle/toolchains/llvm/prebuilt/linux-x86_64/sysroot/usr/lib]
  implicit fwks: []




Detecting C [-std=c11] compiler features compiled with the following output:
Change Dir: /media/hdd2/RPO_labs/LR3/libs/mbedtls/build/x86/CMakeFiles/CMakeTmp

Run Build Command:"/usr/bin/make" "cmTC_7d2af/fast"
/usr/bin/make -f CMakeFiles/cmTC_7d2af.dir/build.make CMakeFiles/cmTC_7d2af.dir/build
make[1]: вход в каталог «/media/hdd2/RPO_labs/LR3/libs/mbedtls/build/x86/CMakeFiles/CMakeTmp»
Building C object CMakeFiles/cmTC_7d2af.dir/feature_tests.c.o
/home/anastasia/Android/Sdk/ndk-bundle/toolchains/llvm/prebuilt/linux-x86_64/bin/clang --target=i686-none-linux-android16 --gcc-toolchain=/home/anastasia/Android/Sdk/ndk-bundle/toolchains/llvm/prebuilt/linux-x86_64 --sysroot=/home/anastasia/Android/Sdk/ndk-bundle/toolchains/llvm/prebuilt/linux-x86_64/sysroot   -g -DANDROID -fdata-sections -ffunction-sections -funwind-tables -fstack-protector-strong -no-canonical-prefixes -mstackrealign -D_FORTIFY_SOURCE=2 -Wformat -Werror=format-security   -fPIE   -std=c11 -o CMakeFiles/cmTC_7d2af.dir/feature_tests.c.o   -c /media/hdd2/RPO_labs/LR3/libs/mbedtls/build/x86/CMakeFiles/feature_tests.c
Linking C executable cmTC_7d2af
/home/anastasia/Android/Sdk/cmake/3.10.2.4988404/bin/cmake -E cmake_link_script CMakeFiles/cmTC_7d2af.dir/link.txt --verbose=1
/home/anastasia/Android/Sdk/ndk-bundle/toolchains/llvm/prebuilt/linux-x86_64/bin/clang --target=i686-none-linux-android16 --gcc-toolchain=/home/anastasia/Android/Sdk/ndk-bundle/toolchains/llvm/prebuilt/linux-x86_64 --sysroot=/home/anastasia/Android/Sdk/ndk-bundle/toolchains/llvm/prebuilt/linux-x86_64/sysroot -g -DANDROID -fdata-sections -ffunction-sections -funwind-tables -fstack-protector-strong -no-canonical-prefixes -mstackrealign -D_FORTIFY_SOURCE=2 -Wformat -Werror=format-security    -Wl,--exclude-libs,libgcc.a -Wl,--exclude-libs,libgcc_real.a -Wl,--exclude-libs,libatomic.a -static-libstdc++ -Wl,--build-id=sha1 -Wl,--no-rosegment -Wl,--fatal-warnings -Wl,--no-undefined -Qunused-arguments -Wl,--gc-sections   CMakeFiles/cmTC_7d2af.dir/feature_tests.c.o  -o cmTC_7d2af -latomic -lm 
make[1]: выход из каталога «/media/hdd2/RPO_labs/LR3/libs/mbedtls/build/x86/CMakeFiles/CMakeTmp»


    Feature record: C_FEATURE:1c_function_prototypes
    Feature record: C_FEATURE:1c_restrict
    Feature record: C_FEATURE:1c_static_assert
    Feature record: C_FEATURE:1c_variadic_macros


Detecting C [-std=c99] compiler features compiled with the following output:
Change Dir: /media/hdd2/RPO_labs/LR3/libs/mbedtls/build/x86/CMakeFiles/CMakeTmp

Run Build Command:"/usr/bin/make" "cmTC_4cf69/fast"
/usr/bin/make -f CMakeFiles/cmTC_4cf69.dir/build.make CMakeFiles/cmTC_4cf69.dir/build
make[1]: вход в каталог «/media/hdd2/RPO_labs/LR3/libs/mbedtls/build/x86/CMakeFiles/CMakeTmp»
Building C object CMakeFiles/cmTC_4cf69.dir/feature_tests.c.o
/home/anastasia/Android/Sdk/ndk-bundle/toolchains/llvm/prebuilt/linux-x86_64/bin/clang --target=i686-none-linux-android16 --gcc-toolchain=/home/anastasia/Android/Sdk/ndk-bundle/toolchains/llvm/prebuilt/linux-x86_64 --sysroot=/home/anastasia/Android/Sdk/ndk-bundle/toolchains/llvm/prebuilt/linux-x86_64/sysroot   -g -DANDROID -fdata-sections -ffunction-sections -funwind-tables -fstack-protector-strong -no-canonical-prefixes -mstackrealign -D_FORTIFY_SOURCE=2 -Wformat -Werror=format-security   -fPIE   -std=c99 -o CMakeFiles/cmTC_4cf69.dir/feature_tests.c.o   -c /media/hdd2/RPO_labs/LR3/libs/mbedtls/build/x86/CMakeFiles/feature_tests.c
Linking C executable cmTC_4cf69
/home/anastasia/Android/Sdk/cmake/3.10.2.4988404/bin/cmake -E cmake_link_script CMakeFiles/cmTC_4cf69.dir/link.txt --verbose=1
/home/anastasia/Android/Sdk/ndk-bundle/toolchains/llvm/prebuilt/linux-x86_64/bin/clang --target=i686-none-linux-android16 --gcc-toolchain=/home/anastasia/Android/Sdk/ndk-bundle/toolchains/llvm/prebuilt/linux-x86_64 --sysroot=/home/anastasia/Android/Sdk/ndk-bundle/toolchains/llvm/prebuilt/linux-x86_64/sysroot -g -DANDROID -fdata-sections -ffunction-sections -funwind-tables -fstack-protector-strong -no-canonical-prefixes -mstackrealign -D_FORTIFY_SOURCE=2 -Wformat -Werror=format-security    -Wl,--exclude-libs,libgcc.a -Wl,--exclude-libs,libgcc_real.a -Wl,--exclude-libs,libatomic.a -static-libstdc++ -Wl,--build-id=sha1 -Wl,--no-rosegment -Wl,--fatal-warnings -Wl,--no-undefined -Qunused-arguments -Wl,--gc-sections   CMakeFiles/cmTC_4cf69.dir/feature_tests.c.o  -o cmTC_4cf69 -latomic -lm 
make[1]: выход из каталога «/media/hdd2/RPO_labs/LR3/libs/mbedtls/build/x86/CMakeFiles/CMakeTmp»


    Feature record: C_FEATURE:1c_function_prototypes
    Feature record: C_FEATURE:1c_restrict
    Feature record: C_FEATURE:0c_static_assert
    Feature record: C_FEATURE:1c_variadic_macros


Detecting C [-std=c90] compiler features compiled with the following output:
Change Dir: /media/hdd2/RPO_labs/LR3/libs/mbedtls/build/x86/CMakeFiles/CMakeTmp

Run Build Command:"/usr/bin/make" "cmTC_16c00/fast"
/usr/bin/make -f CMakeFiles/cmTC_16c00.dir/build.make CMakeFiles/cmTC_16c00.dir/build
make[1]: вход в каталог «/media/hdd2/RPO_labs/LR3/libs/mbedtls/build/x86/CMakeFiles/CMakeTmp»
Building C object CMakeFiles/cmTC_16c00.dir/feature_tests.c.o
/home/anastasia/Android/Sdk/ndk-bundle/toolchains/llvm/prebuilt/linux-x86_64/bin/clang --target=i686-none-linux-android16 --gcc-toolchain=/home/anastasia/Android/Sdk/ndk-bundle/toolchains/llvm/prebuilt/linux-x86_64 --sysroot=/home/anastasia/Android/Sdk/ndk-bundle/toolchains/llvm/prebuilt/linux-x86_64/sysroot   -g -DANDROID -fdata-sections -ffunction-sections -funwind-tables -fstack-protector-strong -no-canonical-prefixes -mstackrealign -D_FORTIFY_SOURCE=2 -Wformat -Werror=format-security   -fPIE   -std=c90 -o CMakeFiles/cmTC_16c00.dir/feature_tests.c.o   -c /media/hdd2/RPO_labs/LR3/libs/mbedtls/build/x86/CMakeFiles/feature_tests.c
Linking C executable cmTC_16c00
/home/anastasia/Android/Sdk/cmake/3.10.2.4988404/bin/cmake -E cmake_link_script CMakeFiles/cmTC_16c00.dir/link.txt --verbose=1
/home/anastasia/Android/Sdk/ndk-bundle/toolchains/llvm/prebuilt/linux-x86_64/bin/clang --target=i686-none-linux-android16 --gcc-toolchain=/home/anastasia/Android/Sdk/ndk-bundle/toolchains/llvm/prebuilt/linux-x86_64 --sysroot=/home/anastasia/Android/Sdk/ndk-bundle/toolchains/llvm/prebuilt/linux-x86_64/sysroot -g -DANDROID -fdata-sections -ffunction-sections -funwind-tables -fstack-protector-strong -no-canonical-prefixes -mstackrealign -D_FORTIFY_SOURCE=2 -Wformat -Werror=format-security    -Wl,--exclude-libs,libgcc.a -Wl,--exclude-libs,libgcc_real.a -Wl,--exclude-libs,libatomic.a -static-libstdc++ -Wl,--build-id=sha1 -Wl,--no-rosegment -Wl,--fatal-warnings -Wl,--no-undefined -Qunused-arguments -Wl,--gc-sections   CMakeFiles/cmTC_16c00.dir/feature_tests.c.o  -o cmTC_16c00 -latomic -lm 
make[1]: выход из каталога «/media/hdd2/RPO_labs/LR3/libs/mbedtls/build/x86/CMakeFiles/CMakeTmp»


    Feature record: C_FEATURE:1c_function_prototypes
    Feature record: C_FEATURE:0c_restrict
    Feature record: C_FEATURE:0c_static_assert
    Feature record: C_FEATURE:0c_variadic_macros
Determining if the include file pthread.h exists passed with the following output:
Change Dir: /media/hdd2/RPO_labs/LR3/libs/mbedtls/build/x86/CMakeFiles/CMakeTmp

Run Build Command:"/usr/bin/make" "cmTC_17421/fast"
/usr/bin/make -f CMakeFiles/cmTC_17421.dir/build.make CMakeFiles/cmTC_17421.dir/build
make[1]: вход в каталог «/media/hdd2/RPO_labs/LR3/libs/mbedtls/build/x86/CMakeFiles/CMakeTmp»
Building C object CMakeFiles/cmTC_17421.dir/CheckIncludeFile.c.o
/home/anastasia/Android/Sdk/ndk-bundle/toolchains/llvm/prebuilt/linux-x86_64/bin/clang --target=i686-none-linux-android16 --gcc-toolchain=/home/anastasia/Android/Sdk/ndk-bundle/toolchains/llvm/prebuilt/linux-x86_64 --sysroot=/home/anastasia/Android/Sdk/ndk-bundle/toolchains/llvm/prebuilt/linux-x86_64/sysroot   -g -DANDROID -fdata-sections -ffunction-sections -funwind-tables -fstack-protector-strong -no-canonical-prefixes -mstackrealign -D_FORTIFY_SOURCE=2 -Wformat -Werror=format-security  -Wall -Wextra -Wwrite-strings -Wpointer-arith -Wimplicit-fallthrough -Wshadow -Wvla -Wformat=2 -Wno-format-nonliteral -Werror  -fPIE   -o CMakeFiles/cmTC_17421.dir/CheckIncludeFile.c.o   -c /media/hdd2/RPO_labs/LR3/libs/mbedtls/build/x86/CMakeFiles/CMakeTmp/CheckIncludeFile.c
Linking C executable cmTC_17421
/home/anastasia/Android/Sdk/cmake/3.10.2.4988404/bin/cmake -E cmake_link_script CMakeFiles/cmTC_17421.dir/link.txt --verbose=1
/home/anastasia/Android/Sdk/ndk-bundle/toolchains/llvm/prebuilt/linux-x86_64/bin/clang --target=i686-none-linux-android16 --gcc-toolchain=/home/anastasia/Android/Sdk/ndk-bundle/toolchains/llvm/prebuilt/linux-x86_64 --sysroot=/home/anastasia/Android/Sdk/ndk-bundle/toolchains/llvm/prebuilt/linux-x86_64/sysroot -g -DANDROID -fdata-sections -ffunction-sections -funwind-tables -fstack-protector-strong -no-canonical-prefixes -mstackrealign -D_FORTIFY_SOURCE=2 -Wformat -Werror=format-security  -Wall -Wextra -Wwrite-strings -Wpointer-arith -Wimplicit-fallthrough -Wshadow -Wvla -Wformat=2 -Wno-format-nonliteral -Werror   -Wl,--exclude-libs,libgcc.a -Wl,--exclude-libs,libgcc_real.a -Wl,--exclude-libs,libatomic.a -static-libstdc++ -Wl,--build-id=sha1 -Wl,--no-rosegment -Wl,--fatal-warnings -Wl,--no-undefined -Qunused-arguments -Wl,--gc-sections   CMakeFiles/cmTC_17421.dir/CheckIncludeFile.c.o  -o cmTC_17421 -latomic -lm 
make[1]: выход из каталога «/media/hdd2/RPO_labs/LR3/libs/mbedtls/build/x86/CMakeFiles/CMakeTmp»


Determining if the pthread_create exist passed with the following output:
Change Dir: /media/hdd2/RPO_labs/LR3/libs/mbedtls/build/x86/CMakeFiles/CMakeTmp

Run Build Command:"/usr/bin/make" "cmTC_7e55f/fast"
/usr/bin/make -f CMakeFiles/cmTC_7e55f.dir/build.make CMakeFiles/cmTC_7e55f.dir/build
make[1]: вход в каталог «/media/hdd2/RPO_labs/LR3/libs/mbedtls/build/x86/CMakeFiles/CMakeTmp»
Building C object CMakeFiles/cmTC_7e55f.dir/CheckSymbolExists.c.o
/home/anastasia/Android/Sdk/ndk-bundle/toolchains/llvm/prebuilt/linux-x86_64/bin/clang --target=i686-none-linux-android16 --gcc-toolchain=/home/anastasia/Android/Sdk/ndk-bundle/toolchains/llvm/prebuilt/linux-x86_64 --sysroot=/home/anastasia/Android/Sdk/ndk-bundle/toolchains/llvm/prebuilt/linux-x86_64/sysroot   -g -DANDROID -fdata-sections -ffunction-sections -funwind-tables -fstack-protector-strong -no-canonical-prefixes -mstackrealign -D_FORTIFY_SOURCE=2 -Wformat -Werror=format-security  -Wall -Wextra -Wwrite-strings -Wpointer-arith -Wimplicit-fallthrough -Wshadow -Wvla -Wformat=2 -Wno-format-nonliteral -Werror  -fPIE   -o CMakeFiles/cmTC_7e55f.dir/CheckSymbolExists.c.o   -c /media/hdd2/RPO_labs/LR3/libs/mbedtls/build/x86/CMakeFiles/CMakeTmp/CheckSymbolExists.c
Linking C executable cmTC_7e55f
/home/anastasia/Android/Sdk/cmake/3.10.2.4988404/bin/cmake -E cmake_link_script CMakeFiles/cmTC_7e55f.dir/link.txt --verbose=1
/home/anastasia/Android/Sdk/ndk-bundle/toolchains/llvm/prebuilt/linux-x86_64/bin/clang --target=i686-none-linux-android16 --gcc-toolchain=/home/anastasia/Android/Sdk/ndk-bundle/toolchains/llvm/prebuilt/linux-x86_64 --sysroot=/home/anastasia/Android/Sdk/ndk-bundle/toolchains/llvm/prebuilt/linux-x86_64/sysroot -g -DANDROID -fdata-sections -ffunction-sections -funwind-tables -fstack-protector-strong -no-canonical-prefixes -mstackrealign -D_FORTIFY_SOURCE=2 -Wformat -Werror=format-security  -Wall -Wextra -Wwrite-strings -Wpointer-arith -Wimplicit-fallthrough -Wshadow -Wvla -Wformat=2 -Wno-format-nonliteral -Werror   -Wl,--exclude-libs,libgcc.a -Wl,--exclude-libs,libgcc_real.a -Wl,--exclude-libs,libatomic.a -static-libstdc++ -Wl,--build-id=sha1 -Wl,--no-rosegment -Wl,--fatal-warnings -Wl,--no-undefined -Qunused-arguments -Wl,--gc-sections   CMakeFiles/cmTC_7e55f.dir/CheckSymbolExists.c.o  -o cmTC_7e55f -latomic -lm 
make[1]: выход из каталога «/media/hdd2/RPO_labs/LR3/libs/mbedtls/build/x86/CMakeFiles/CMakeTmp»

File /media/hdd2/RPO_labs/LR3/libs/mbedtls/build/x86/CMakeFiles/CMakeTmp/CheckSymbolExists.c:
/* */
#include <pthread.h>

int main(int argc, char** argv)
{
  (void)argv;
#ifndef pthread_create
  return ((int*)(&pthread_create))[argc];
#else
  (void)argc;
  return 0;
#endif
}

